<?xml version="1.0" encoding="UTF-8"?>
<testng-results ignored="0" total="2" passed="2" failed="0" skipped="0">
  <reporter-output>
    <line>
      <![CDATA[Username and Password are Valid::dashboard  http://orangehrm.qedgetech.com/symfony/web/index.php/dashboard]]>
    </line>
  </reporter-output>
  <suite started-at="2024-01-09T04:17:13 IST" name="Default suite" finished-at="2024-01-09T04:17:28 IST" duration-ms="15569">
    <groups>
    </groups>
    <test started-at="2024-01-09T04:17:13 IST" name="Default test" finished-at="2024-01-09T04:17:28 IST" duration-ms="15569">
      <class name="Date29.Using_PropertyFile">
        <test-method is-config="true" signature="setUp()[pri:0, instance:Date29.Using_PropertyFile@20140db9]" started-at="2024-01-09T04:17:13 IST" name="setUp" finished-at="2024-01-09T04:17:22 IST" duration-ms="9451" status="PASS">
          <reporter-output>
          </reporter-output>
        </test-method> <!-- setUp -->
        <test-method signature="startTest()[pri:0, instance:Date29.Using_PropertyFile@20140db9]" started-at="2024-01-09T04:17:22 IST" name="startTest" finished-at="2024-01-09T04:17:28 IST" duration-ms="5751" status="PASS">
          <reporter-output>
            <line>
              <![CDATA[Username and Password are Valid::dashboard  http://orangehrm.qedgetech.com/symfony/web/index.php/dashboard]]>
            </line>
          </reporter-output>
        </test-method> <!-- startTest -->
        <test-method signature="tearDown()[pri:0, instance:Date29.Using_PropertyFile@20140db9]" started-at="2024-01-09T04:17:28 IST" name="tearDown" finished-at="2024-01-09T04:17:28 IST" duration-ms="281" status="PASS">
          <reporter-output>
          </reporter-output>
        </test-method> <!-- tearDown -->
      </class> <!-- Date29.Using_PropertyFile -->
    </test> <!-- Default test -->
  </suite> <!-- Default suite -->
</testng-results>
